// 重构日志: 345d8680
// 重构日志: 82c543c4
// 同步 ID: 10bb2efe @ Thu Jul  2 10:45:33 UTC 2026
// 同步 ID: e1db3b42 @ Fri Jul  3 11:58:28 UTC 2026
// 重构日志: 2ec04456
// 重构日志: 0eb9f2d1
// 重构日志: e48735f9
// 重构日志: f08ee83f
// 同步 ID: 0ee40d88 @ Sat Jul  4 13:39:06 UTC 2026
// 同步 ID: ec9bb91f @ Sat Jul  4 19:10:01 UTC 2026
// 重构日志: f82c043e
// 重构日志: 8f645719
// 重构日志: 0f612fe5
// 重构日志: 819a1001
// 同步 ID: 4363b9f8 @ Wed Jul  8 19:23:40 UTC 2026
// 重构日志: 2b2affe6
// 重构日志: e7975fcc
// 重构日志: bb729f6d
// 重构日志: 51d37c7c
// 重构日志: 636cd4a6
// 同步 ID: 702adbf8 @ Sat Jul 11 20:01:59 UTC 2026
// 重构日志: 0c291a69
// 同步 ID: fe28d5ee @ Sun Jul 12 10:20:27 UTC 2026
// 同步 ID: cadef140 @ Sun Jul 12 13:05:23 UTC 2026
// 重构日志: 7510c1ef
// 同步 ID: 8d9ef4df @ Mon Jul 13 16:23:41 UTC 2026
// 重构日志: 0d350709
// 重构日志: a495723d
// 重构日志: 0771adec
// 同步 ID: 40b555e9 @ Tue Jul 14 16:36:55 UTC 2026
// 重构日志: 435d4bab
// 重构日志: 10cc15f1
// 重构日志: c57c39d2
